2022-10-10 17:45:28.658 [background-preinit] INFO  org.hibernate.validator.internal.util.Version - HV000001: Hibernate Validator 6.2.0.Final
2022-10-10 17:45:29.245 [main] INFO  com.alibaba.nacos.client.utils.ParamUtil - [settings] [req-serv] nacos-server port:8848
2022-10-10 17:45:29.245 [main] INFO  com.alibaba.nacos.client.utils.ParamUtil - [settings] [http-client] connect timeout:1000
2022-10-10 17:45:29.252 [main] INFO  com.alibaba.nacos.client.utils.ParamUtil - PER_TASK_CONFIG_SIZE: 3000.0
2022-10-10 17:45:29.390 [main] INFO  c.alibaba.nacos.client.identify.CredentialWatcher - null No credential found
2022-10-10 17:45:30.076 [main] INFO  c.a.n.client.config.impl.LocalConfigInfoProcessor - LOCAL_SNAPSHOT_PATH:C:\Users\PC\nacos\config
2022-10-10 17:45:30.232 [main] INFO  com.alibaba.nacos.client.config.impl.Limiter - limitTime:5.0
2022-10-10 17:45:30.418 [main] INFO  com.alibaba.nacos.client.config.utils.JvmUtil - isMultiInstance:false
2022-10-10 17:45:30.474 [main] INFO  o.s.c.b.c.PropertySourceBootstrapConfiguration - Located property source: [BootstrapPropertySource {name='bootstrapProperties-gateway.yaml,DEFAULT_GROUP'}, BootstrapPropertySource {name='bootstrapProperties-gateway,DEFAULT_GROUP'}]
2022-10-10 17:45:30.494 [main] INFO  yxlgx.top.gateway.GatewayApplication - No active profile set, falling back to default profiles: default
2022-10-10 17:45:33.723 [main] INFO  o.s.d.r.config.RepositoryConfigurationDelegate - Multiple Spring Data modules found, entering strict repository configuration mode!
2022-10-10 17:45:33.731 [main] INFO  o.s.d.r.config.RepositoryConfigurationDelegate - Bootstrapping Spring Data Redis repositories in DEFAULT mode.
2022-10-10 17:45:33.800 [main] INFO  o.s.d.r.config.RepositoryConfigurationDelegate - Finished Spring Data repository scanning in 27 ms. Found 0 Redis repository interfaces.
2022-10-10 17:45:34.404 [main] INFO  o.springframework.cloud.context.scope.GenericScope - BeanFactory id=878f213c-851a-3ae0-976f-eb1cfef45efd
2022-10-10 17:45:34.456 [main] INFO  o.s.i.c.DefaultConfiguringBeanFactoryPostProcessor - No bean named 'errorChannel' has been explicitly defined. Therefore, a default PublishSubscribeChannel will be created.
2022-10-10 17:45:34.471 [main] INFO  o.s.i.c.DefaultConfiguringBeanFactoryPostProcessor - No bean named 'integrationHeaderChannelRegistry' has been explicitly defined. Therefore, a default DefaultHeaderChannelRegistry will be created.
2022-10-10 17:45:34.765 [main] INFO  o.s.c.s.PostProcessorRegistrationDelegate$BeanPostProcessorChecker - Bean 'redisConfig' of type [yxlgx.top.gateway.base.config.redis.RedisConfig$$EnhancerBySpringCGLIB$$9b4c9978] is not eligible for getting processed by all BeanPostProcessors (for example: not eligible for auto-proxying)
2022-10-10 17:45:35.351 [main] INFO  o.s.c.s.PostProcessorRegistrationDelegate$BeanPostProcessorChecker - Bean 'spring.cloud.sentinel-com.alibaba.cloud.sentinel.SentinelProperties' of type [org.springframework.aop.scope.ScopedProxyFactoryBean] is not eligible for getting processed by all BeanPostProcessors (for example: not eligible for auto-proxying)
2022-10-10 17:45:35.351 [main] INFO  o.s.c.s.PostProcessorRegistrationDelegate$BeanPostProcessorChecker - Bean 'spring.cloud.sentinel-com.alibaba.cloud.sentinel.SentinelProperties' of type [com.alibaba.cloud.sentinel.SentinelProperties$$EnhancerBySpringCGLIB$$e684f18e] is not eligible for getting processed by all BeanPostProcessors (for example: not eligible for auto-proxying)
2022-10-10 17:45:35.753 [main] INFO  o.s.c.s.PostProcessorRegistrationDelegate$BeanPostProcessorChecker - Bean 'org.hibernate.validator.internal.constraintvalidators.bv.notempty.NotEmptyValidatorForCharSequence' of type [org.hibernate.validator.internal.constraintvalidators.bv.notempty.NotEmptyValidatorForCharSequence] is not eligible for getting processed by all BeanPostProcessors (for example: not eligible for auto-proxying)
2022-10-10 17:45:35.775 [main] INFO  o.s.c.s.PostProcessorRegistrationDelegate$BeanPostProcessorChecker - Bean 'org.hibernate.validator.internal.constraintvalidators.bv.NotNullValidator' of type [org.hibernate.validator.internal.constraintvalidators.bv.NotNullValidator] is not eligible for getting processed by all BeanPostProcessors (for example: not eligible for auto-proxying)
2022-10-10 17:45:35.875 [main] INFO  o.s.c.s.PostProcessorRegistrationDelegate$BeanPostProcessorChecker - Bean 'scopedTarget.spring.cloud.sentinel-com.alibaba.cloud.sentinel.SentinelProperties' of type [com.alibaba.cloud.sentinel.SentinelProperties] is not eligible for getting processed by all BeanPostProcessors (for example: not eligible for auto-proxying)
2022-10-10 17:45:36.163 [main] INFO  o.s.c.s.PostProcessorRegistrationDelegate$BeanPostProcessorChecker - Bean 'com.alibaba.cloud.sentinel.custom.SentinelAutoConfiguration' of type [com.alibaba.cloud.sentinel.custom.SentinelAutoConfiguration] is not eligible for getting processed by all BeanPostProcessors (for example: not eligible for auto-proxying)
2022-10-10 17:45:36.197 [main] INFO  o.s.c.s.PostProcessorRegistrationDelegate$BeanPostProcessorChecker - Bean 'org.springframework.integration.config.IntegrationManagementConfiguration' of type [org.springframework.integration.config.IntegrationManagementConfiguration] is not eligible for getting processed by all BeanPostProcessors (for example: not eligible for auto-proxying)
2022-10-10 17:45:36.292 [main] INFO  o.s.c.s.PostProcessorRegistrationDelegate$BeanPostProcessorChecker - Bean 'integrationChannelResolver' of type [org.springframework.integration.support.channel.BeanFactoryChannelResolver] is not eligible for getting processed by all BeanPostProcessors (for example: not eligible for auto-proxying)
2022-10-10 17:45:36.307 [main] INFO  o.s.c.s.PostProcessorRegistrationDelegate$BeanPostProcessorChecker - Bean 'integrationDisposableAutoCreatedBeans' of type [org.springframework.integration.config.annotation.Disposables] is not eligible for getting processed by all BeanPostProcessors (for example: not eligible for auto-proxying)
2022-10-10 17:45:36.399 [main] INFO  o.s.c.s.PostProcessorRegistrationDelegate$BeanPostProcessorChecker - Bean 'org.springframework.cloud.client.loadbalancer.reactive.LoadBalancerBeanPostProcessorAutoConfiguration' of type [org.springframework.cloud.client.loadbalancer.reactive.LoadBalancerBeanPostProcessorAutoConfiguration] is not eligible for getting processed by all BeanPostProcessors (for example: not eligible for auto-proxying)
2022-10-10 17:45:36.417 [main] INFO  o.s.c.s.PostProcessorRegistrationDelegate$BeanPostProcessorChecker - Bean 'org.springframework.cloud.client.loadbalancer.reactive.LoadBalancerBeanPostProcessorAutoConfiguration$ReactorDeferringLoadBalancerFilterConfig' of type [org.springframework.cloud.client.loadbalancer.reactive.LoadBalancerBeanPostProcessorAutoConfiguration$ReactorDeferringLoadBalancerFilterConfig] is not eligible for getting processed by all BeanPostProcessors (for example: not eligible for auto-proxying)
2022-10-10 17:45:36.434 [main] INFO  o.s.c.s.PostProcessorRegistrationDelegate$BeanPostProcessorChecker - Bean 'reactorDeferringLoadBalancerExchangeFilterFunction' of type [org.springframework.cloud.client.loadbalancer.reactive.DeferringLoadBalancerExchangeFilterFunction] is not eligible for getting processed by all BeanPostProcessors (for example: not eligible for auto-proxying)
2022-10-10 17:45:43.305 [main] INFO  c.a.c.s.gateway.scg.SentinelSCGAutoConfiguration - [Sentinel SpringCloudGateway] using AnonymousBlockRequestHandler, responseStatus: 200, responseBody: {"code":200,"message":"block by sentinel"}
2022-10-10 17:45:43.312 [main] INFO  c.a.c.s.gateway.scg.SentinelSCGAutoConfiguration - [Sentinel SpringCloudGateway] register SentinelGatewayFilter with order: -2147483648
2022-10-10 17:45:43.729 [main] INFO  o.s.c.gateway.route.RouteDefinitionRouteLocator - Loaded RoutePredicateFactory [After]
2022-10-10 17:45:43.729 [main] INFO  o.s.c.gateway.route.RouteDefinitionRouteLocator - Loaded RoutePredicateFactory [Before]
2022-10-10 17:45:43.729 [main] INFO  o.s.c.gateway.route.RouteDefinitionRouteLocator - Loaded RoutePredicateFactory [Between]
2022-10-10 17:45:43.729 [main] INFO  o.s.c.gateway.route.RouteDefinitionRouteLocator - Loaded RoutePredicateFactory [Cookie]
2022-10-10 17:45:43.729 [main] INFO  o.s.c.gateway.route.RouteDefinitionRouteLocator - Loaded RoutePredicateFactory [Header]
2022-10-10 17:45:43.729 [main] INFO  o.s.c.gateway.route.RouteDefinitionRouteLocator - Loaded RoutePredicateFactory [Host]
2022-10-10 17:45:43.729 [main] INFO  o.s.c.gateway.route.RouteDefinitionRouteLocator - Loaded RoutePredicateFactory [Method]
2022-10-10 17:45:43.729 [main] INFO  o.s.c.gateway.route.RouteDefinitionRouteLocator - Loaded RoutePredicateFactory [Path]
2022-10-10 17:45:43.729 [main] INFO  o.s.c.gateway.route.RouteDefinitionRouteLocator - Loaded RoutePredicateFactory [Query]
2022-10-10 17:45:43.730 [main] INFO  o.s.c.gateway.route.RouteDefinitionRouteLocator - Loaded RoutePredicateFactory [ReadBody]
2022-10-10 17:45:43.730 [main] INFO  o.s.c.gateway.route.RouteDefinitionRouteLocator - Loaded RoutePredicateFactory [RemoteAddr]
2022-10-10 17:45:43.730 [main] INFO  o.s.c.gateway.route.RouteDefinitionRouteLocator - Loaded RoutePredicateFactory [Weight]
2022-10-10 17:45:43.730 [main] INFO  o.s.c.gateway.route.RouteDefinitionRouteLocator - Loaded RoutePredicateFactory [CloudFoundryRouteService]
2022-10-10 17:45:44.619 [main] INFO  com.alibaba.nacos.client.naming - initializer namespace from System Property :null
2022-10-10 17:45:44.622 [main] INFO  com.alibaba.nacos.client.naming - initializer namespace from System Environment :null
2022-10-10 17:45:44.623 [main] INFO  com.alibaba.nacos.client.naming - initializer namespace from System Property :null
2022-10-10 17:45:46.171 [main] INFO  o.s.b.actuate.endpoint.web.EndpointLinksResolver - Exposing 32 endpoint(s) beneath base path '/actuator'
2022-10-10 17:45:46.419 [main] INFO  c.a.c.s.gateway.scg.SentinelSCGAutoConfiguration - [Sentinel SpringCloudGateway] register SentinelGatewayBlockExceptionHandler
2022-10-10 17:45:47.472 [main] INFO  o.s.integration.history.MessageHistoryConfigurer - Enabling MessageHistory tracking for component 'errorChannel'
2022-10-10 17:45:47.472 [main] INFO  o.s.integration.history.MessageHistoryConfigurer - Enabling MessageHistory tracking for component '_org.springframework.integration.errorLogger'
2022-10-10 17:45:47.472 [main] INFO  o.s.integration.endpoint.EventDrivenConsumer - Adding {logging-channel-adapter:_org.springframework.integration.errorLogger} as a subscriber to the 'errorChannel' channel
2022-10-10 17:45:47.472 [main] INFO  o.s.integration.channel.PublishSubscribeChannel - Channel 'gateway-1.errorChannel' has 1 subscriber(s).
2022-10-10 17:45:47.473 [main] INFO  o.s.integration.endpoint.EventDrivenConsumer - started bean '_org.springframework.integration.errorLogger'
2022-10-10 17:45:47.957 [main] INFO  o.s.boot.web.embedded.netty.NettyWebServer - Netty started on port 10090
2022-10-10 17:45:48.312 [main] INFO  com.alibaba.nacos.client.naming - [BEAT] adding beat: BeatInfo{port=10090, ip='172.19.229.120', weight=1.0, serviceName='DEFAULT_GROUP@@gateway', cluster='DEFAULT', metadata={preserved.register.source=SPRING_CLOUD}, scheduled=false, period=5000, stopped=false} to beat map.
2022-10-10 17:45:48.313 [main] INFO  com.alibaba.nacos.client.naming - [REGISTER-SERVICE] dev registering service DEFAULT_GROUP@@gateway with instance: Instance{instanceId='null', ip='172.19.229.120', port=10090, weight=1.0, healthy=true, enabled=true, ephemeral=true, clusterName='DEFAULT', serviceName='null', metadata={preserved.register.source=SPRING_CLOUD}}
2022-10-10 17:45:48.328 [main] INFO  c.a.cloud.nacos.registry.NacosServiceRegistry - nacos registry, DEFAULT_GROUP gateway 172.19.229.120:10090 register finished
2022-10-10 17:45:48.344 [main] INFO  com.alibaba.nacos.client.config.impl.ClientWorker - [fixed-yxlgx.top_8848-dev-sentinel] [subscribe] gateway-flow-rules+DEFAULT_GROUP+dev-sentinel
2022-10-10 17:45:48.346 [main] INFO  com.alibaba.nacos.client.config.impl.CacheData - [fixed-yxlgx.top_8848-dev-sentinel] [add-listener] ok, tenant=dev-sentinel, dataId=gateway-flow-rules, group=DEFAULT_GROUP, cnt=1
2022-10-10 17:45:48.387 [com.alibaba.nacos.client.Worker.longPolling.fixed-yxlgx.top_8848-dev-sentinel] INFO  com.alibaba.nacos.client.config.impl.ClientWorker - [fixed-yxlgx.top_8848-dev-sentinel] [polling-resp] config changed. dataId=gateway-flow-rules, group=DEFAULT_GROUP, tenant=dev-sentinel
2022-10-10 17:45:48.387 [com.alibaba.nacos.client.Worker.longPolling.fixed-yxlgx.top_8848-dev-sentinel] INFO  com.alibaba.nacos.client.config.impl.ClientWorker - get changedGroupKeys:[gateway-flow-rules+DEFAULT_GROUP+dev-sentinel]
2022-10-10 17:45:48.563 [main] INFO  com.alibaba.nacos.client.config.impl.ClientWorker - [fixed-yxlgx.top_8848-dev-sentinel] [subscribe] gateway-degrade-rules+DEFAULT_GROUP+dev-sentinel
2022-10-10 17:45:48.563 [main] INFO  com.alibaba.nacos.client.config.impl.CacheData - [fixed-yxlgx.top_8848-dev-sentinel] [add-listener] ok, tenant=dev-sentinel, dataId=gateway-degrade-rules, group=DEFAULT_GROUP, cnt=1
2022-10-10 17:45:48.565 [com.alibaba.nacos.client.Worker.longPolling.fixed-yxlgx.top_8848-dev-sentinel] INFO  com.alibaba.nacos.client.config.impl.ClientWorker - [fixed-yxlgx.top_8848-dev-sentinel] [data-received] dataId=gateway-flow-rules, group=DEFAULT_GROUP, tenant=dev-sentinel, md5=d57de2f9b89fa027b502dc80421dccb7, content=[{"app":"gateway","burst":1,"controlBehavior":0,"count":1000.0,"gmtModified":1658755768820,"grade":1..., type=text
2022-10-10 17:45:48.569 [com.alibaba.nacos.client.Worker.longPolling.fixed-yxlgx.top_8848-dev-sentinel] INFO  com.alibaba.nacos.client.config.impl.CacheData - [fixed-yxlgx.top_8848-dev-sentinel] [notify-listener] time cost=0ms in ClientWorker, dataId=gateway-flow-rules, group=DEFAULT_GROUP, md5=d57de2f9b89fa027b502dc80421dccb7, listener=com.alibaba.csp.sentinel.datasource.nacos.NacosDataSource$1@6b023f5b 
2022-10-10 17:45:48.572 [sentinel-nacos-ds-update-thread-1] INFO  com.alibaba.nacos.client.config.impl.CacheData - [fixed-yxlgx.top_8848-dev-sentinel] [notify-ok] dataId=gateway-flow-rules, group=DEFAULT_GROUP, md5=d57de2f9b89fa027b502dc80421dccb7, listener=com.alibaba.csp.sentinel.datasource.nacos.NacosDataSource$1@6b023f5b 
2022-10-10 17:45:48.655 [main] INFO  yxlgx.top.gateway.GatewayApplication - Started GatewayApplication in 21.059 seconds (JVM running for 23.414)
2022-10-10 17:45:48.660 [main] INFO  com.alibaba.nacos.client.config.impl.ClientWorker - [fixed-yxlgx.top_8848-dev] [subscribe] gateway.yaml+DEFAULT_GROUP+dev
2022-10-10 17:45:48.661 [main] INFO  com.alibaba.nacos.client.config.impl.CacheData - [fixed-yxlgx.top_8848-dev] [add-listener] ok, tenant=dev, dataId=gateway.yaml, group=DEFAULT_GROUP, cnt=1
2022-10-10 17:45:48.662 [main] INFO  com.alibaba.nacos.client.config.impl.ClientWorker - [fixed-yxlgx.top_8848-dev] [subscribe] gateway+DEFAULT_GROUP+dev
2022-10-10 17:45:48.662 [main] INFO  com.alibaba.nacos.client.config.impl.CacheData - [fixed-yxlgx.top_8848-dev] [add-listener] ok, tenant=dev, dataId=gateway, group=DEFAULT_GROUP, cnt=1
2022-10-10 17:45:48.760 [com.alibaba.nacos.client.naming.updater] INFO  com.alibaba.nacos.client.naming - new ips(1) service: DEFAULT_GROUP@@gateway@@DEFAULT -> [{"instanceId":"172.19.229.120#10090#DEFAULT#DEFAULT_GROUP@@gateway","ip":"172.19.229.120","port":10090,"weight":1.0,"healthy":true,"enabled":true,"ephemeral":true,"clusterName":"DEFAULT","serviceName":"DEFAULT_GROUP@@gateway","metadata":{"preserved.register.source":"SPRING_CLOUD"},"instanceHeartBeatTimeOut":15000,"instanceHeartBeatInterval":5000,"ipDeleteTimeout":30000}]
2022-10-10 17:45:48.768 [com.alibaba.nacos.client.naming.updater] INFO  com.alibaba.nacos.client.naming - current ips:(1) service: DEFAULT_GROUP@@gateway@@DEFAULT -> [{"instanceId":"172.19.229.120#10090#DEFAULT#DEFAULT_GROUP@@gateway","ip":"172.19.229.120","port":10090,"weight":1.0,"healthy":true,"enabled":true,"ephemeral":true,"clusterName":"DEFAULT","serviceName":"DEFAULT_GROUP@@gateway","metadata":{"preserved.register.source":"SPRING_CLOUD"},"instanceHeartBeatTimeOut":15000,"instanceHeartBeatInterval":5000,"ipDeleteTimeout":30000}]
2022-10-10 17:46:54.458 [background-preinit] INFO  org.hibernate.validator.internal.util.Version - HV000001: Hibernate Validator 6.2.0.Final
2022-10-10 17:46:55.124 [main] INFO  com.alibaba.nacos.client.utils.ParamUtil - [settings] [req-serv] nacos-server port:8848
2022-10-10 17:46:55.125 [main] INFO  com.alibaba.nacos.client.utils.ParamUtil - [settings] [http-client] connect timeout:1000
2022-10-10 17:46:55.127 [main] INFO  com.alibaba.nacos.client.utils.ParamUtil - PER_TASK_CONFIG_SIZE: 3000.0
2022-10-10 17:46:55.170 [main] INFO  c.alibaba.nacos.client.identify.CredentialWatcher - null No credential found
2022-10-10 17:46:56.061 [main] INFO  c.a.n.client.config.impl.LocalConfigInfoProcessor - LOCAL_SNAPSHOT_PATH:C:\Users\PC\nacos\config
2022-10-10 17:46:56.202 [main] INFO  com.alibaba.nacos.client.config.impl.Limiter - limitTime:5.0
2022-10-10 17:46:56.331 [main] INFO  com.alibaba.nacos.client.config.utils.JvmUtil - isMultiInstance:false
2022-10-10 17:46:56.427 [main] INFO  o.s.c.b.c.PropertySourceBootstrapConfiguration - Located property source: [BootstrapPropertySource {name='bootstrapProperties-gateway-dev.yaml,DEFAULT_GROUP'}, BootstrapPropertySource {name='bootstrapProperties-gateway.yaml,DEFAULT_GROUP'}, BootstrapPropertySource {name='bootstrapProperties-gateway,DEFAULT_GROUP'}]
2022-10-10 17:46:56.455 [main] INFO  yxlgx.top.gateway.GatewayApplication - The following profiles are active: dev
2022-10-10 17:47:01.222 [main] INFO  o.s.d.r.config.RepositoryConfigurationDelegate - Multiple Spring Data modules found, entering strict repository configuration mode!
2022-10-10 17:47:01.225 [main] INFO  o.s.d.r.config.RepositoryConfigurationDelegate - Bootstrapping Spring Data Redis repositories in DEFAULT mode.
2022-10-10 17:47:01.256 [main] INFO  o.s.d.r.config.RepositoryConfigurationDelegate - Finished Spring Data repository scanning in 14 ms. Found 0 Redis repository interfaces.
2022-10-10 17:47:01.723 [main] INFO  o.springframework.cloud.context.scope.GenericScope - BeanFactory id=878f213c-851a-3ae0-976f-eb1cfef45efd
2022-10-10 17:47:01.792 [main] INFO  o.s.i.c.DefaultConfiguringBeanFactoryPostProcessor - No bean named 'errorChannel' has been explicitly defined. Therefore, a default PublishSubscribeChannel will be created.
2022-10-10 17:47:01.831 [main] INFO  o.s.i.c.DefaultConfiguringBeanFactoryPostProcessor - No bean named 'integrationHeaderChannelRegistry' has been explicitly defined. Therefore, a default DefaultHeaderChannelRegistry will be created.
2022-10-10 17:47:02.221 [main] INFO  o.s.c.s.PostProcessorRegistrationDelegate$BeanPostProcessorChecker - Bean 'redisConfig' of type [yxlgx.top.gateway.base.config.redis.RedisConfig$$EnhancerBySpringCGLIB$$e71f0444] is not eligible for getting processed by all BeanPostProcessors (for example: not eligible for auto-proxying)
2022-10-10 17:47:02.797 [main] INFO  o.s.c.s.PostProcessorRegistrationDelegate$BeanPostProcessorChecker - Bean 'spring.cloud.sentinel-com.alibaba.cloud.sentinel.SentinelProperties' of type [org.springframework.aop.scope.ScopedProxyFactoryBean] is not eligible for getting processed by all BeanPostProcessors (for example: not eligible for auto-proxying)
2022-10-10 17:47:02.798 [main] INFO  o.s.c.s.PostProcessorRegistrationDelegate$BeanPostProcessorChecker - Bean 'spring.cloud.sentinel-com.alibaba.cloud.sentinel.SentinelProperties' of type [com.alibaba.cloud.sentinel.SentinelProperties$$EnhancerBySpringCGLIB$$40c5c49d] is not eligible for getting processed by all BeanPostProcessors (for example: not eligible for auto-proxying)
2022-10-10 17:47:03.352 [main] INFO  o.s.c.s.PostProcessorRegistrationDelegate$BeanPostProcessorChecker - Bean 'org.hibernate.validator.internal.constraintvalidators.bv.notempty.NotEmptyValidatorForCharSequence' of type [org.hibernate.validator.internal.constraintvalidators.bv.notempty.NotEmptyValidatorForCharSequence] is not eligible for getting processed by all BeanPostProcessors (for example: not eligible for auto-proxying)
2022-10-10 17:47:03.409 [main] INFO  o.s.c.s.PostProcessorRegistrationDelegate$BeanPostProcessorChecker - Bean 'org.hibernate.validator.internal.constraintvalidators.bv.NotNullValidator' of type [org.hibernate.validator.internal.constraintvalidators.bv.NotNullValidator] is not eligible for getting processed by all BeanPostProcessors (for example: not eligible for auto-proxying)
2022-10-10 17:47:03.512 [main] INFO  o.s.c.s.PostProcessorRegistrationDelegate$BeanPostProcessorChecker - Bean 'scopedTarget.spring.cloud.sentinel-com.alibaba.cloud.sentinel.SentinelProperties' of type [com.alibaba.cloud.sentinel.SentinelProperties] is not eligible for getting processed by all BeanPostProcessors (for example: not eligible for auto-proxying)
2022-10-10 17:47:03.841 [main] INFO  o.s.c.s.PostProcessorRegistrationDelegate$BeanPostProcessorChecker - Bean 'com.alibaba.cloud.sentinel.custom.SentinelAutoConfiguration' of type [com.alibaba.cloud.sentinel.custom.SentinelAutoConfiguration] is not eligible for getting processed by all BeanPostProcessors (for example: not eligible for auto-proxying)
2022-10-10 17:47:03.889 [main] INFO  o.s.c.s.PostProcessorRegistrationDelegate$BeanPostProcessorChecker - Bean 'org.springframework.integration.config.IntegrationManagementConfiguration' of type [org.springframework.integration.config.IntegrationManagementConfiguration] is not eligible for getting processed by all BeanPostProcessors (for example: not eligible for auto-proxying)
2022-10-10 17:47:03.995 [main] INFO  o.s.c.s.PostProcessorRegistrationDelegate$BeanPostProcessorChecker - Bean 'integrationChannelResolver' of type [org.springframework.integration.support.channel.BeanFactoryChannelResolver] is not eligible for getting processed by all BeanPostProcessors (for example: not eligible for auto-proxying)
2022-10-10 17:47:04.010 [main] INFO  o.s.c.s.PostProcessorRegistrationDelegate$BeanPostProcessorChecker - Bean 'integrationDisposableAutoCreatedBeans' of type [org.springframework.integration.config.annotation.Disposables] is not eligible for getting processed by all BeanPostProcessors (for example: not eligible for auto-proxying)
2022-10-10 17:47:04.148 [main] INFO  o.s.c.s.PostProcessorRegistrationDelegate$BeanPostProcessorChecker - Bean 'org.springframework.cloud.client.loadbalancer.reactive.LoadBalancerBeanPostProcessorAutoConfiguration' of type [org.springframework.cloud.client.loadbalancer.reactive.LoadBalancerBeanPostProcessorAutoConfiguration] is not eligible for getting processed by all BeanPostProcessors (for example: not eligible for auto-proxying)
2022-10-10 17:47:04.165 [main] INFO  o.s.c.s.PostProcessorRegistrationDelegate$BeanPostProcessorChecker - Bean 'org.springframework.cloud.client.loadbalancer.reactive.LoadBalancerBeanPostProcessorAutoConfiguration$ReactorDeferringLoadBalancerFilterConfig' of type [org.springframework.cloud.client.loadbalancer.reactive.LoadBalancerBeanPostProcessorAutoConfiguration$ReactorDeferringLoadBalancerFilterConfig] is not eligible for getting processed by all BeanPostProcessors (for example: not eligible for auto-proxying)
2022-10-10 17:47:04.180 [main] INFO  o.s.c.s.PostProcessorRegistrationDelegate$BeanPostProcessorChecker - Bean 'reactorDeferringLoadBalancerExchangeFilterFunction' of type [org.springframework.cloud.client.loadbalancer.reactive.DeferringLoadBalancerExchangeFilterFunction] is not eligible for getting processed by all BeanPostProcessors (for example: not eligible for auto-proxying)
2022-10-10 17:47:10.528 [main] INFO  c.a.c.s.gateway.scg.SentinelSCGAutoConfiguration - [Sentinel SpringCloudGateway] using AnonymousBlockRequestHandler, responseStatus: 200, responseBody: {"code":200,"message":"block by sentinel"}
2022-10-10 17:47:10.535 [main] INFO  c.a.c.s.gateway.scg.SentinelSCGAutoConfiguration - [Sentinel SpringCloudGateway] register SentinelGatewayFilter with order: -2147483648
2022-10-10 17:47:11.113 [main] INFO  o.s.c.gateway.route.RouteDefinitionRouteLocator - Loaded RoutePredicateFactory [After]
2022-10-10 17:47:11.113 [main] INFO  o.s.c.gateway.route.RouteDefinitionRouteLocator - Loaded RoutePredicateFactory [Before]
2022-10-10 17:47:11.113 [main] INFO  o.s.c.gateway.route.RouteDefinitionRouteLocator - Loaded RoutePredicateFactory [Between]
2022-10-10 17:47:11.113 [main] INFO  o.s.c.gateway.route.RouteDefinitionRouteLocator - Loaded RoutePredicateFactory [Cookie]
2022-10-10 17:47:11.113 [main] INFO  o.s.c.gateway.route.RouteDefinitionRouteLocator - Loaded RoutePredicateFactory [Header]
2022-10-10 17:47:11.113 [main] INFO  o.s.c.gateway.route.RouteDefinitionRouteLocator - Loaded RoutePredicateFactory [Host]
2022-10-10 17:47:11.113 [main] INFO  o.s.c.gateway.route.RouteDefinitionRouteLocator - Loaded RoutePredicateFactory [Method]
2022-10-10 17:47:11.113 [main] INFO  o.s.c.gateway.route.RouteDefinitionRouteLocator - Loaded RoutePredicateFactory [Path]
2022-10-10 17:47:11.113 [main] INFO  o.s.c.gateway.route.RouteDefinitionRouteLocator - Loaded RoutePredicateFactory [Query]
2022-10-10 17:47:11.113 [main] INFO  o.s.c.gateway.route.RouteDefinitionRouteLocator - Loaded RoutePredicateFactory [ReadBody]
2022-10-10 17:47:11.113 [main] INFO  o.s.c.gateway.route.RouteDefinitionRouteLocator - Loaded RoutePredicateFactory [RemoteAddr]
2022-10-10 17:47:11.113 [main] INFO  o.s.c.gateway.route.RouteDefinitionRouteLocator - Loaded RoutePredicateFactory [Weight]
2022-10-10 17:47:11.113 [main] INFO  o.s.c.gateway.route.RouteDefinitionRouteLocator - Loaded RoutePredicateFactory [CloudFoundryRouteService]
2022-10-10 17:47:12.103 [main] INFO  com.alibaba.nacos.client.naming - initializer namespace from System Property :null
2022-10-10 17:47:12.104 [main] INFO  com.alibaba.nacos.client.naming - initializer namespace from System Environment :null
2022-10-10 17:47:12.104 [main] INFO  com.alibaba.nacos.client.naming - initializer namespace from System Property :null
2022-10-10 17:47:12.992 [main] INFO  o.s.b.actuate.endpoint.web.EndpointLinksResolver - Exposing 32 endpoint(s) beneath base path '/actuator'
2022-10-10 17:47:13.171 [main] INFO  c.a.c.s.gateway.scg.SentinelSCGAutoConfiguration - [Sentinel SpringCloudGateway] register SentinelGatewayBlockExceptionHandler
2022-10-10 17:47:14.538 [main] INFO  o.s.integration.history.MessageHistoryConfigurer - Enabling MessageHistory tracking for component 'errorChannel'
2022-10-10 17:47:14.538 [main] INFO  o.s.integration.history.MessageHistoryConfigurer - Enabling MessageHistory tracking for component '_org.springframework.integration.errorLogger'
2022-10-10 17:47:14.538 [main] INFO  o.s.integration.endpoint.EventDrivenConsumer - Adding {logging-channel-adapter:_org.springframework.integration.errorLogger} as a subscriber to the 'errorChannel' channel
2022-10-10 17:47:14.539 [main] INFO  o.s.integration.channel.PublishSubscribeChannel - Channel 'gateway-1.errorChannel' has 1 subscriber(s).
2022-10-10 17:47:14.539 [main] INFO  o.s.integration.endpoint.EventDrivenConsumer - started bean '_org.springframework.integration.errorLogger'
2022-10-10 17:47:15.220 [main] INFO  o.s.boot.web.embedded.netty.NettyWebServer - Netty started on port 10090
2022-10-10 17:47:15.636 [main] INFO  com.alibaba.nacos.client.naming - [BEAT] adding beat: BeatInfo{port=10090, ip='172.19.229.120', weight=1.0, serviceName='DEFAULT_GROUP@@gateway', cluster='DEFAULT', metadata={preserved.register.source=SPRING_CLOUD}, scheduled=false, period=5000, stopped=false} to beat map.
2022-10-10 17:47:15.637 [main] INFO  com.alibaba.nacos.client.naming - [REGISTER-SERVICE] dev registering service DEFAULT_GROUP@@gateway with instance: Instance{instanceId='null', ip='172.19.229.120', port=10090, weight=1.0, healthy=true, enabled=true, ephemeral=true, clusterName='DEFAULT', serviceName='null', metadata={preserved.register.source=SPRING_CLOUD}}
2022-10-10 17:47:15.668 [main] INFO  c.a.cloud.nacos.registry.NacosServiceRegistry - nacos registry, DEFAULT_GROUP gateway 172.19.229.120:10090 register finished
2022-10-10 17:47:15.694 [main] INFO  com.alibaba.nacos.client.config.impl.ClientWorker - [fixed-yxlgx.top_8848-dev-sentinel] [subscribe] gateway-flow-rules+DEFAULT_GROUP+dev-sentinel
2022-10-10 17:47:15.696 [main] INFO  com.alibaba.nacos.client.config.impl.CacheData - [fixed-yxlgx.top_8848-dev-sentinel] [add-listener] ok, tenant=dev-sentinel, dataId=gateway-flow-rules, group=DEFAULT_GROUP, cnt=1
2022-10-10 17:47:15.885 [main] INFO  com.alibaba.nacos.client.config.impl.ClientWorker - [fixed-yxlgx.top_8848-dev-sentinel] [subscribe] gateway-degrade-rules+DEFAULT_GROUP+dev-sentinel
2022-10-10 17:47:15.885 [main] INFO  com.alibaba.nacos.client.config.impl.CacheData - [fixed-yxlgx.top_8848-dev-sentinel] [add-listener] ok, tenant=dev-sentinel, dataId=gateway-degrade-rules, group=DEFAULT_GROUP, cnt=1
2022-10-10 17:47:15.942 [main] INFO  yxlgx.top.gateway.GatewayApplication - Started GatewayApplication in 22.598 seconds (JVM running for 23.707)
2022-10-10 17:47:15.946 [main] INFO  com.alibaba.nacos.client.config.impl.ClientWorker - [fixed-yxlgx.top_8848-dev] [subscribe] gateway.yaml+DEFAULT_GROUP+dev
2022-10-10 17:47:15.946 [main] INFO  com.alibaba.nacos.client.config.impl.CacheData - [fixed-yxlgx.top_8848-dev] [add-listener] ok, tenant=dev, dataId=gateway.yaml, group=DEFAULT_GROUP, cnt=1
2022-10-10 17:47:15.946 [main] INFO  com.alibaba.nacos.client.config.impl.ClientWorker - [fixed-yxlgx.top_8848-dev] [subscribe] gateway-dev.yaml+DEFAULT_GROUP+dev
2022-10-10 17:47:15.946 [main] INFO  com.alibaba.nacos.client.config.impl.CacheData - [fixed-yxlgx.top_8848-dev] [add-listener] ok, tenant=dev, dataId=gateway-dev.yaml, group=DEFAULT_GROUP, cnt=1
2022-10-10 17:47:15.947 [main] INFO  com.alibaba.nacos.client.config.impl.ClientWorker - [fixed-yxlgx.top_8848-dev] [subscribe] gateway+DEFAULT_GROUP+dev
2022-10-10 17:47:15.947 [main] INFO  com.alibaba.nacos.client.config.impl.CacheData - [fixed-yxlgx.top_8848-dev] [add-listener] ok, tenant=dev, dataId=gateway, group=DEFAULT_GROUP, cnt=1
2022-10-10 17:47:17.679 [com.alibaba.nacos.client.naming.updater] INFO  com.alibaba.nacos.client.naming - new ips(1) service: DEFAULT_GROUP@@gateway@@DEFAULT -> [{"instanceId":"172.19.229.120#10090#DEFAULT#DEFAULT_GROUP@@gateway","ip":"172.19.229.120","port":10090,"weight":1.0,"healthy":true,"enabled":true,"ephemeral":true,"clusterName":"DEFAULT","serviceName":"DEFAULT_GROUP@@gateway","metadata":{"preserved.register.source":"SPRING_CLOUD"},"instanceHeartBeatTimeOut":15000,"instanceHeartBeatInterval":5000,"ipDeleteTimeout":30000}]
2022-10-10 17:47:17.689 [com.alibaba.nacos.client.naming.updater] INFO  com.alibaba.nacos.client.naming - current ips:(1) service: DEFAULT_GROUP@@gateway@@DEFAULT -> [{"instanceId":"172.19.229.120#10090#DEFAULT#DEFAULT_GROUP@@gateway","ip":"172.19.229.120","port":10090,"weight":1.0,"healthy":true,"enabled":true,"ephemeral":true,"clusterName":"DEFAULT","serviceName":"DEFAULT_GROUP@@gateway","metadata":{"preserved.register.source":"SPRING_CLOUD"},"instanceHeartBeatTimeOut":15000,"instanceHeartBeatInterval":5000,"ipDeleteTimeout":30000}]
